  pch.cpp
  colon.cpp
  dllmain.cpp
  find.cpp
  function_tracking_new_cloud.cpp
  function_tracking_new_cloud_data.cpp
  function_tracking_new_cloud_initialize.cpp
  function_tracking_new_cloud_terminate.cpp
  mean.cpp
  minOrMax.cpp
  repmat.cpp
  rtGetInf.cpp
  rtGetNaN.cpp
  rt_nonfinite.cpp
     Creating library E:\Documents\Genuage\Custom DLL Templates\DLL_CorrectBlinking\DLL_CorrectBlinking\x64\Release\DLL_CorrectBlinking.lib and object E:\Documents\Genuage\Custom DLL Templates\DLL_CorrectBlinking\DLL_CorrectBlinking\x64\Release\DLL_CorrectBlinking.exp
  Generating code
  Previous IPDB not found, fall back to full compilation.
  All 184 functions were compiled because no usable IPDB/IOBJ from previous compilation was found.
  Finished generating code
  DLL_CorrectBlinking.vcxproj -> E:\Documents\Genuage\Custom DLL Templates\DLL_CorrectBlinking\DLL_CorrectBlinking\x64\Release\DLL_CorrectBlinking.dll
